<?xml version="1.0" encoding="UTF-8"?>
<!-- Generated by org.testng.reporters.JUnitReportReporter -->
<testsuite hostname="DESKTOP-SI180QA" failures="0" tests="2" name="com.qalegendbilling.testscript.LoginTest" time="40.062" errors="0" timestamp="2023-02-27T19:17:26 IST" skipped="0">
  <testcase classname="com.qalegendbilling.testscript.LoginTest" name="TC001_verifyLoginPageTitle" time="10.072"/>
  <system-out/>
  <testcase classname="com.qalegendbilling.testscript.LoginTest" name="TC002_verifyUserLoginWithValidUserCredentials" time="29.990"/>
  <system-out/>
</testsuite> <!-- com.qalegendbilling.testscript.LoginTest -->
